
> @cms/translations@1.0.0 build D:\laragon\www\cms-expressjs-nextjs2\packages\plugins\translations
> tsc --noEmit

src/admin/index.ts(1,38): error TS6142: Module './pages/Languages' was resolved to 'D:/laragon/www/cms-expressjs-nextjs2/packages/plugins/translations/src/admin/pages/Languages.tsx', but '--jsx' is not set.
src/admin/pages/Languages.tsx(3,37): error TS2307: Cannot find module 'react' or its corresponding type declarations.
src/admin/pages/Languages.tsx(50,33): error TS2503: Cannot find namespace 'React'.
src/admin/pages/Languages.tsx(50,51): error TS2304: Cannot find name 'HTMLInputElement'.
src/admin/pages/Languages.tsx(50,70): error TS2304: Cannot find name 'HTMLSelectElement'.
src/admin/pages/Languages.tsx(52,34): error TS2304: Cannot find name 'HTMLInputElement'.
src/admin/pages/Languages.tsx(55,17): error TS7006: Parameter 'prev' implicitly has an 'any' type.
src/admin/pages/Languages.tsx(61,34): error TS2503: Cannot find namespace 'React'.
src/admin/pages/Languages.tsx(83,25): error TS18046: 'errorData' is of type 'unknown'.
src/admin/pages/Languages.tsx(119,10): error TS2304: Cannot find name 'confirm'.
src/admin/pages/Languages.tsx(132,37): error TS7006: Parameter 'lang' implicitly has an 'any' type.
src/admin/pages/Languages.tsx(160,7): error TS7026: JSX element implicitly has type 'any' because no interface 'JSX.IntrinsicElements' exists.
src/admin/pages/Languages.tsx(160,7): error TS17004: Cannot use JSX unless the '--jsx' flag is provided.
src/admin/pages/Languages.tsx(161,9): error TS7026: JSX element implicitly has type 'any' because no interface 'JSX.IntrinsicElements' exists.
src/admin/pages/Languages.tsx(161,9): error TS17004: Cannot use JSX unless the '--jsx' flag is provided.
src/admin/pages/Languages.tsx(161,89): error TS7026: JSX element implicitly has type 'any' because no interface 'JSX.IntrinsicElements' exists.
src/admin/pages/Languages.tsx(162,7): error TS7026: JSX element implicitly has type 'any' because no interface 'JSX.IntrinsicElements' exists.
src/admin/pages/Languages.tsx(167,5): error TS7026: JSX element implicitly has type 'any' because no interface 'JSX.IntrinsicElements' exists.
src/admin/pages/Languages.tsx(167,5): error TS17004: Cannot use JSX unless the '--jsx' flag is provided.
src/admin/pages/Languages.tsx(168,7): error TS7026: JSX element implicitly has type 'any' because no interface 'JSX.IntrinsicElements' exists.
src/admin/pages/Languages.tsx(168,7): error TS17004: Cannot use JSX unless the '--jsx' flag is provided.
src/admin/pages/Languages.tsx(169,9): error TS7026: JSX element implicitly has type 'any' because no interface 'JSX.IntrinsicElements' exists.
src/admin/pages/Languages.tsx(169,9): error TS17004: Cannot use JSX unless the '--jsx' flag is provided.
src/admin/pages/Languages.tsx(170,11): error TS7026: JSX element implicitly has type 'any' because no interface 'JSX.IntrinsicElements' exists.
src/admin/pages/Languages.tsx(170,11): error TS17004: Cannot use JSX unless the '--jsx' flag is provided.
src/admin/pages/Languages.tsx(170,73): error TS7026: JSX element implicitly has type 'any' because no interface 'JSX.IntrinsicElements' exists.
src/admin/pages/Languages.tsx(171,11): error TS7026: JSX element implicitly has type 'any' because no interface 'JSX.IntrinsicElements' exists.
src/admin/pages/Languages.tsx(171,11): error TS17004: Cannot use JSX unless the '--jsx' flag is provided.
src/admin/pages/Languages.tsx(173,11): error TS7026: JSX element implicitly has type 'any' because no interface 'JSX.IntrinsicElements' exists.
src/admin/pages/Languages.tsx(174,9): error TS7026: JSX element implicitly has type 'any' because no interface 'JSX.IntrinsicElements' exists.
src/admin/pages/Languages.tsx(175,9): error TS7026: JSX element implicitly has type 'any' because no interface 'JSX.IntrinsicElements' exists.
src/admin/pages/Languages.tsx(175,9): error TS17004: Cannot use JSX unless the '--jsx' flag is provided.
src/admin/pages/Languages.tsx(176,11): error TS7026: JSX element implicitly has type 'any' because no interface 'JSX.IntrinsicElements' exists.
src/admin/pages/Languages.tsx(176,11): error TS17004: Cannot use JSX unless the '--jsx' flag is provided.
src/admin/pages/Languages.tsx(181,11): error TS7026: JSX element implicitly has type 'any' because no interface 'JSX.IntrinsicElements' exists.
src/admin/pages/Languages.tsx(182,9): error TS7026: JSX element implicitly has type 'any' because no interface 'JSX.IntrinsicElements' exists.
src/admin/pages/Languages.tsx(183,7): error TS7026: JSX element implicitly has type 'any' because no interface 'JSX.IntrinsicElements' exists.
src/admin/pages/Languages.tsx(186,9): error TS7026: JSX element implicitly has type 'any' because no interface 'JSX.IntrinsicElements' exists.
src/admin/pages/Languages.tsx(186,9): error TS17004: Cannot use JSX unless the '--jsx' flag is provided.
src/admin/pages/Languages.tsx(188,9): error TS7026: JSX element implicitly has type 'any' because no interface 'JSX.IntrinsicElements' exists.
src/admin/pages/Languages.tsx(193,9): error TS7026: JSX element implicitly has type 'any' because no interface 'JSX.IntrinsicElements' exists.
src/admin/pages/Languages.tsx(193,9): error TS17004: Cannot use JSX unless the '--jsx' flag is provided.
src/admin/pages/Languages.tsx(194,11): error TS7026: JSX element implicitly has type 'any' because no interface 'JSX.IntrinsicElements' exists.
src/admin/pages/Languages.tsx(194,11): error TS17004: Cannot use JSX unless the '--jsx' flag is provided.
src/admin/pages/Languages.tsx(195,13): error TS7026: JSX element implicitly has type 'any' because no interface 'JSX.IntrinsicElements' exists.
src/admin/pages/Languages.tsx(195,13): error TS17004: Cannot use JSX unless the '--jsx' flag is provided.
src/admin/pages/Languages.tsx(197,13): error TS7026: JSX element implicitly has type 'any' because no interface 'JSX.IntrinsicElements' exists.
src/admin/pages/Languages.tsx(198,13): error TS7026: JSX element implicitly has type 'any' because no interface 'JSX.IntrinsicElements' exists.
src/admin/pages/Languages.tsx(198,13): error TS17004: Cannot use JSX unless the '--jsx' flag is provided.
src/admin/pages/Languages.tsx(199,15): error TS7026: JSX element implicitly has type 'any' because no interface 'JSX.IntrinsicElements' exists.
src/admin/pages/Languages.tsx(199,15): error TS17004: Cannot use JSX unless the '--jsx' flag is provided.
src/admin/pages/Languages.tsx(200,17): error TS7026: JSX element implicitly has type 'any' because no interface 'JSX.IntrinsicElements' exists.
src/admin/pages/Languages.tsx(200,17): error TS17004: Cannot use JSX unless the '--jsx' flag is provided.
src/admin/pages/Languages.tsx(201,19): error TS7026: JSX element implicitly has type 'any' because no interface 'JSX.IntrinsicElements' exists.
src/admin/pages/Languages.tsx(201,19): error TS17004: Cannot use JSX unless the '--jsx' flag is provided.
src/admin/pages/Languages.tsx(203,19): error TS7026: JSX element implicitly has type 'any' because no interface 'JSX.IntrinsicElements' exists.
src/admin/pages/Languages.tsx(204,19): error TS7026: JSX element implicitly has type 'any' because no interface 'JSX.IntrinsicElements' exists.
src/admin/pages/Languages.tsx(204,19): error TS17004: Cannot use JSX unless the '--jsx' flag is provided.
src/admin/pages/Languages.tsx(215,19): error TS7026: JSX element implicitly has type 'any' because no interface 'JSX.IntrinsicElements' exists.
src/admin/pages/Languages.tsx(215,19): error TS17004: Cannot use JSX unless the '--jsx' flag is provided.
src/admin/pages/Languages.tsx(217,19): error TS7026: JSX element implicitly has type 'any' because no interface 'JSX.IntrinsicElements' exists.
src/admin/pages/Languages.tsx(218,17): error TS7026: JSX element implicitly has type 'any' because no interface 'JSX.IntrinsicElements' exists.
src/admin/pages/Languages.tsx(220,17): error TS7026: JSX element implicitly has type 'any' because no interface 'JSX.IntrinsicElements' exists.
src/admin/pages/Languages.tsx(220,17): error TS17004: Cannot use JSX unless the '--jsx' flag is provided.
src/admin/pages/Languages.tsx(221,19): error TS7026: JSX element implicitly has type 'any' because no interface 'JSX.IntrinsicElements' exists.
src/admin/pages/Languages.tsx(221,19): error TS17004: Cannot use JSX unless the '--jsx' flag is provided.
src/admin/pages/Languages.tsx(223,19): error TS7026: JSX element implicitly has type 'any' because no interface 'JSX.IntrinsicElements' exists.
src/admin/pages/Languages.tsx(224,19): error TS7026: JSX element implicitly has type 'any' because no interface 'JSX.IntrinsicElements' exists.
src/admin/pages/Languages.tsx(224,19): error TS17004: Cannot use JSX unless the '--jsx' flag is provided.
src/admin/pages/Languages.tsx(234,17): error TS7026: JSX element implicitly has type 'any' because no interface 'JSX.IntrinsicElements' exists.
src/admin/pages/Languages.tsx(235,15): error TS7026: JSX element implicitly has type 'any' because no interface 'JSX.IntrinsicElements' exists.
src/admin/pages/Languages.tsx(237,15): error TS7026: JSX element implicitly has type 'any' because no interface 'JSX.IntrinsicElements' exists.
src/admin/pages/Languages.tsx(237,15): error TS17004: Cannot use JSX unless the '--jsx' flag is provided.
src/admin/pages/Languages.tsx(238,17): error TS7026: JSX element implicitly has type 'any' because no interface 'JSX.IntrinsicElements' exists.
src/admin/pages/Languages.tsx(238,17): error TS17004: Cannot use JSX unless the '--jsx' flag is provided.
src/admin/pages/Languages.tsx(239,19): error TS7026: JSX element implicitly has type 'any' because no interface 'JSX.IntrinsicElements' exists.
src/admin/pages/Languages.tsx(239,19): error TS17004: Cannot use JSX unless the '--jsx' flag is provided.
src/admin/pages/Languages.tsx(241,19): error TS7026: JSX element implicitly has type 'any' because no interface 'JSX.IntrinsicElements' exists.
src/admin/pages/Languages.tsx(242,19): error TS7026: JSX element implicitly has type 'any' because no interface 'JSX.IntrinsicElements' exists.
src/admin/pages/Languages.tsx(242,19): error TS17004: Cannot use JSX unless the '--jsx' flag is provided.
src/admin/pages/Languages.tsx(251,17): error TS7026: JSX element implicitly has type 'any' because no interface 'JSX.IntrinsicElements' exists.
src/admin/pages/Languages.tsx(253,17): error TS7026: JSX element implicitly has type 'any' because no interface 'JSX.IntrinsicElements' exists.
src/admin/pages/Languages.tsx(253,17): error TS17004: Cannot use JSX unless the '--jsx' flag is provided.
src/admin/pages/Languages.tsx(254,19): error TS7026: JSX element implicitly has type 'any' because no interface 'JSX.IntrinsicElements' exists.
src/admin/pages/Languages.tsx(254,19): error TS17004: Cannot use JSX unless the '--jsx' flag is provided.
src/admin/pages/Languages.tsx(256,19): error TS7026: JSX element implicitly has type 'any' because no interface 'JSX.IntrinsicElements' exists.
src/admin/pages/Languages.tsx(257,19): error TS7026: JSX element implicitly has type 'any' because no interface 'JSX.IntrinsicElements' exists.
src/admin/pages/Languages.tsx(257,19): error TS17004: Cannot use JSX unless the '--jsx' flag is provided.
src/admin/pages/Languages.tsx(266,17): error TS7026: JSX element implicitly has type 'any' because no interface 'JSX.IntrinsicElements' exists.
src/admin/pages/Languages.tsx(267,15): error TS7026: JSX element implicitly has type 'any' because no interface 'JSX.IntrinsicElements' exists.
src/admin/pages/Languages.tsx(269,15): error TS7026: JSX element implicitly has type 'any' because no interface 'JSX.IntrinsicElements' exists.
src/admin/pages/Languages.tsx(269,15): error TS17004: Cannot use JSX unless the '--jsx' flag is provided.
src/admin/pages/Languages.tsx(270,17): error TS7026: JSX element implicitly has type 'any' because no interface 'JSX.IntrinsicElements' exists.
src/admin/pages/Languages.tsx(270,17): error TS17004: Cannot use JSX unless the '--jsx' flag is provided.
src/admin/pages/Languages.tsx(271,19): error TS7026: JSX element implicitly has type 'any' because no interface 'JSX.IntrinsicElements' exists.
src/admin/pages/Languages.tsx(271,19): error TS17004: Cannot use JSX unless the '--jsx' flag is provided.
src/admin/pages/Languages.tsx(273,19): error TS7026: JSX element implicitly has type 'any' because no interface 'JSX.IntrinsicElements' exists.
src/admin/pages/Languages.tsx(274,19): error TS7026: JSX element implicitly has type 'any' because no interface 'JSX.IntrinsicElements' exists.
src/admin/pages/Languages.tsx(274,19): error TS17004: Cannot use JSX unless the '--jsx' flag is provided.
src/admin/pages/Languages.tsx(283,17): error TS7026: JSX element implicitly has type 'any' because no interface 'JSX.IntrinsicElements' exists.
src/admin/pages/Languages.tsx(285,17): error TS7026: JSX element implicitly has type 'any' because no interface 'JSX.IntrinsicElements' exists.
src/admin/pages/Languages.tsx(285,17): error TS17004: Cannot use JSX unless the '--jsx' flag is provided.
src/admin/pages/Languages.tsx(286,19): error TS7026: JSX element implicitly has type 'any' because no interface 'JSX.IntrinsicElements' exists.
src/admin/pages/Languages.tsx(286,19): error TS17004: Cannot use JSX unless the '--jsx' flag is provided.
src/admin/pages/Languages.tsx(294,19): error TS7026: JSX element implicitly has type 'any' because no interface 'JSX.IntrinsicElements' exists.
src/admin/pages/Languages.tsx(294,19): error TS17004: Cannot use JSX unless the '--jsx' flag is provided.
src/admin/pages/Languages.tsx(296,19): error TS7026: JSX element implicitly has type 'any' because no interface 'JSX.IntrinsicElements' exists.
src/admin/pages/Languages.tsx(297,17): error TS7026: JSX element implicitly has type 'any' because no interface 'JSX.IntrinsicElements' exists.
src/admin/pages/Languages.tsx(298,15): error TS7026: JSX element implicitly has type 'any' because no interface 'JSX.IntrinsicElements' exists.
src/admin/pages/Languages.tsx(300,15): error TS7026: JSX element implicitly has type 'any' because no interface 'JSX.IntrinsicElements' exists.
src/admin/pages/Languages.tsx(300,15): error TS17004: Cannot use JSX unless the '--jsx' flag is provided.
src/admin/pages/Languages.tsx(301,17): error TS7026: JSX element implicitly has type 'any' because no interface 'JSX.IntrinsicElements' exists.
src/admin/pages/Languages.tsx(301,17): error TS17004: Cannot use JSX unless the '--jsx' flag is provided.
src/admin/pages/Languages.tsx(318,17): error TS7026: JSX element implicitly has type 'any' because no interface 'JSX.IntrinsicElements' exists.
src/admin/pages/Languages.tsx(319,17): error TS7026: JSX element implicitly has type 'any' because no interface 'JSX.IntrinsicElements' exists.
src/admin/pages/Languages.tsx(319,17): error TS17004: Cannot use JSX unless the '--jsx' flag is provided.
src/admin/pages/Languages.tsx(325,17): error TS7026: JSX element implicitly has type 'any' because no interface 'JSX.IntrinsicElements' exists.
src/admin/pages/Languages.tsx(326,15): error TS7026: JSX element implicitly has type 'any' because no interface 'JSX.IntrinsicElements' exists.
src/admin/pages/Languages.tsx(327,13): error TS7026: JSX element implicitly has type 'any' because no interface 'JSX.IntrinsicElements' exists.
src/admin/pages/Languages.tsx(328,11): error TS7026: JSX element implicitly has type 'any' because no interface 'JSX.IntrinsicElements' exists.
src/admin/pages/Languages.tsx(329,9): error TS7026: JSX element implicitly has type 'any' because no interface 'JSX.IntrinsicElements' exists.
src/admin/pages/Languages.tsx(333,7): error TS7026: JSX element implicitly has type 'any' because no interface 'JSX.IntrinsicElements' exists.
src/admin/pages/Languages.tsx(333,7): error TS17004: Cannot use JSX unless the '--jsx' flag is provided.
src/admin/pages/Languages.tsx(334,9): error TS7026: JSX element implicitly has type 'any' because no interface 'JSX.IntrinsicElements' exists.
src/admin/pages/Languages.tsx(334,9): error TS17004: Cannot use JSX unless the '--jsx' flag is provided.
src/admin/pages/Languages.tsx(335,11): error TS7026: JSX element implicitly has type 'any' because no interface 'JSX.IntrinsicElements' exists.
src/admin/pages/Languages.tsx(335,11): error TS17004: Cannot use JSX unless the '--jsx' flag is provided.
src/admin/pages/Languages.tsx(336,13): error TS7026: JSX element implicitly has type 'any' because no interface 'JSX.IntrinsicElements' exists.
src/admin/pages/Languages.tsx(336,13): error TS17004: Cannot use JSX unless the '--jsx' flag is provided.
src/admin/pages/Languages.tsx(337,15): error TS7026: JSX element implicitly has type 'any' because no interface 'JSX.IntrinsicElements' exists.
src/admin/pages/Languages.tsx(337,15): error TS17004: Cannot use JSX unless the '--jsx' flag is provided.
src/admin/pages/Languages.tsx(338,17): error TS7026: JSX element implicitly has type 'any' because no interface 'JSX.IntrinsicElements' exists.
src/admin/pages/Languages.tsx(338,17): error TS17004: Cannot use JSX unless the '--jsx' flag is provided.
src/admin/pages/Languages.tsx(339,19): error TS7026: JSX element implicitly has type 'any' because no interface 'JSX.IntrinsicElements' exists.
src/admin/pages/Languages.tsx(339,19): error TS17004: Cannot use JSX unless the '--jsx' flag is provided.
src/admin/pages/Languages.tsx(340,21): error TS7026: JSX element implicitly has type 'any' because no interface 'JSX.IntrinsicElements' exists.
src/admin/pages/Languages.tsx(340,21): error TS17004: Cannot use JSX unless the '--jsx' flag is provided.
src/admin/pages/Languages.tsx(342,21): error TS7026: JSX element implicitly has type 'any' because no interface 'JSX.IntrinsicElements' exists.
src/admin/pages/Languages.tsx(343,21): error TS7026: JSX element implicitly has type 'any' because no interface 'JSX.IntrinsicElements' exists.
src/admin/pages/Languages.tsx(343,21): error TS17004: Cannot use JSX unless the '--jsx' flag is provided.
src/admin/pages/Languages.tsx(345,21): error TS7026: JSX element implicitly has type 'any' because no interface 'JSX.IntrinsicElements' exists.
src/admin/pages/Languages.tsx(346,21): error TS7026: JSX element implicitly has type 'any' because no interface 'JSX.IntrinsicElements' exists.
src/admin/pages/Languages.tsx(346,21): error TS17004: Cannot use JSX unless the '--jsx' flag is provided.
src/admin/pages/Languages.tsx(348,21): error TS7026: JSX element implicitly has type 'any' because no interface 'JSX.IntrinsicElements' exists.
src/admin/pages/Languages.tsx(349,21): error TS7026: JSX element implicitly has type 'any' because no interface 'JSX.IntrinsicElements' exists.
src/admin/pages/Languages.tsx(349,21): error TS17004: Cannot use JSX unless the '--jsx' flag is provided.
src/admin/pages/Languages.tsx(351,21): error TS7026: JSX element implicitly has type 'any' because no interface 'JSX.IntrinsicElements' exists.
src/admin/pages/Languages.tsx(352,21): error TS7026: JSX element implicitly has type 'any' because no interface 'JSX.IntrinsicElements' exists.
src/admin/pages/Languages.tsx(352,21): error TS17004: Cannot use JSX unless the '--jsx' flag is provided.
src/admin/pages/Languages.tsx(353,23): error TS7026: JSX element implicitly has type 'any' because no interface 'JSX.IntrinsicElements' exists.
src/admin/pages/Languages.tsx(353,23): error TS17004: Cannot use JSX unless the '--jsx' flag is provided.
src/admin/pages/Languages.tsx(353,56): error TS7026: JSX element implicitly has type 'any' because no interface 'JSX.IntrinsicElements' exists.
src/admin/pages/Languages.tsx(354,21): error TS7026: JSX element implicitly has type 'any' because no interface 'JSX.IntrinsicElements' exists.
src/admin/pages/Languages.tsx(355,19): error TS7026: JSX element implicitly has type 'any' because no interface 'JSX.IntrinsicElements' exists.
src/admin/pages/Languages.tsx(356,17): error TS7026: JSX element implicitly has type 'any' because no interface 'JSX.IntrinsicElements' exists.
src/admin/pages/Languages.tsx(357,17): error TS7026: JSX element implicitly has type 'any' because no interface 'JSX.IntrinsicElements' exists.
src/admin/pages/Languages.tsx(357,17): error TS17004: Cannot use JSX unless the '--jsx' flag is provided.
src/admin/pages/Languages.tsx(358,35): error TS7006: Parameter 'language' implicitly has an 'any' type.
src/admin/pages/Languages.tsx(359,21): error TS7026: JSX element implicitly has type 'any' because no interface 'JSX.IntrinsicElements' exists.
src/admin/pages/Languages.tsx(359,21): error TS17004: Cannot use JSX unless the '--jsx' flag is provided.
src/admin/pages/Languages.tsx(360,23): error TS7026: JSX element implicitly has type 'any' because no interface 'JSX.IntrinsicElements' exists.
src/admin/pages/Languages.tsx(360,23): error TS17004: Cannot use JSX unless the '--jsx' flag is provided.
src/admin/pages/Languages.tsx(361,25): error TS7026: JSX element implicitly has type 'any' because no interface 'JSX.IntrinsicElements' exists.
src/admin/pages/Languages.tsx(361,25): error TS17004: Cannot use JSX unless the '--jsx' flag is provided.
src/admin/pages/Languages.tsx(363,29): error TS7026: JSX element implicitly has type 'any' because no interface 'JSX.IntrinsicElements' exists.
src/admin/pages/Languages.tsx(363,29): error TS17004: Cannot use JSX unless the '--jsx' flag is provided.
src/admin/pages/Languages.tsx(363,75): error TS7026: JSX element implicitly has type 'any' because no interface 'JSX.IntrinsicElements' exists.
src/admin/pages/Languages.tsx(365,27): error TS7026: JSX element implicitly has type 'any' because no interface 'JSX.IntrinsicElements' exists.
src/admin/pages/Languages.tsx(365,27): error TS17004: Cannot use JSX unless the '--jsx' flag is provided.
src/admin/pages/Languages.tsx(366,29): error TS7026: JSX element implicitly has type 'any' because no interface 'JSX.IntrinsicElements' exists.
src/admin/pages/Languages.tsx(366,29): error TS17004: Cannot use JSX unless the '--jsx' flag is provided.
src/admin/pages/Languages.tsx(366,87): error TS7026: JSX element implicitly has type 'any' because no interface 'JSX.IntrinsicElements' exists.
src/admin/pages/Languages.tsx(368,31): error TS7026: JSX element implicitly has type 'any' because no interface 'JSX.IntrinsicElements' exists.
src/admin/pages/Languages.tsx(368,31): error TS17004: Cannot use JSX unless the '--jsx' flag is provided.
src/admin/pages/Languages.tsx(368,84): error TS7026: JSX element implicitly has type 'any' because no interface 'JSX.IntrinsicElements' exists.
src/admin/pages/Languages.tsx(370,27): error TS7026: JSX element implicitly has type 'any' because no interface 'JSX.IntrinsicElements' exists.
src/admin/pages/Languages.tsx(371,25): error TS7026: JSX element implicitly has type 'any' because no interface 'JSX.IntrinsicElements' exists.
src/admin/pages/Languages.tsx(372,23): error TS7026: JSX element implicitly has type 'any' because no interface 'JSX.IntrinsicElements' exists.
src/admin/pages/Languages.tsx(373,23): error TS7026: JSX element implicitly has type 'any' because no interface 'JSX.IntrinsicElements' exists.
src/admin/pages/Languages.tsx(373,23): error TS17004: Cannot use JSX unless the '--jsx' flag is provided.
src/admin/pages/Languages.tsx(375,23): error TS7026: JSX element implicitly has type 'any' because no interface 'JSX.IntrinsicElements' exists.
src/admin/pages/Languages.tsx(376,23): error TS7026: JSX element implicitly has type 'any' because no interface 'JSX.IntrinsicElements' exists.
src/admin/pages/Languages.tsx(376,23): error TS17004: Cannot use JSX unless the '--jsx' flag is provided.
src/admin/pages/Languages.tsx(377,25): error TS7026: JSX element implicitly has type 'any' because no interface 'JSX.IntrinsicElements' exists.
src/admin/pages/Languages.tsx(377,25): error TS17004: Cannot use JSX unless the '--jsx' flag is provided.
src/admin/pages/Languages.tsx(383,25): error TS7026: JSX element implicitly has type 'any' because no interface 'JSX.IntrinsicElements' exists.
src/admin/pages/Languages.tsx(384,23): error TS7026: JSX element implicitly has type 'any' because no interface 'JSX.IntrinsicElements' exists.
src/admin/pages/Languages.tsx(385,23): error TS7026: JSX element implicitly has type 'any' because no interface 'JSX.IntrinsicElements' exists.
src/admin/pages/Languages.tsx(385,23): error TS17004: Cannot use JSX unless the '--jsx' flag is provided.
src/admin/pages/Languages.tsx(387,27): error TS7026: JSX element implicitly has type 'any' because no interface 'JSX.IntrinsicElements' exists.
src/admin/pages/Languages.tsx(387,27): error TS17004: Cannot use JSX unless the '--jsx' flag is provided.
src/admin/pages/Languages.tsx(389,27): error TS7026: JSX element implicitly has type 'any' because no interface 'JSX.IntrinsicElements' exists.
src/admin/pages/Languages.tsx(391,27): error TS7026: JSX element implicitly has type 'any' because no interface 'JSX.IntrinsicElements' exists.
src/admin/pages/Languages.tsx(391,27): error TS17004: Cannot use JSX unless the '--jsx' flag is provided.
src/admin/pages/Languages.tsx(396,27): error TS7026: JSX element implicitly has type 'any' because no interface 'JSX.IntrinsicElements' exists.
src/admin/pages/Languages.tsx(398,23): error TS7026: JSX element implicitly has type 'any' because no interface 'JSX.IntrinsicElements' exists.
src/admin/pages/Languages.tsx(399,23): error TS7026: JSX element implicitly has type 'any' because no interface 'JSX.IntrinsicElements' exists.
src/admin/pages/Languages.tsx(399,23): error TS17004: Cannot use JSX unless the '--jsx' flag is provided.
src/admin/pages/Languages.tsx(400,25): error TS7026: JSX element implicitly has type 'any' because no interface 'JSX.IntrinsicElements' exists.
src/admin/pages/Languages.tsx(400,25): error TS17004: Cannot use JSX unless the '--jsx' flag is provided.
src/admin/pages/Languages.tsx(405,25): error TS7026: JSX element implicitly has type 'any' because no interface 'JSX.IntrinsicElements' exists.
src/admin/pages/Languages.tsx(406,25): error TS7026: JSX element implicitly has type 'any' because no interface 'JSX.IntrinsicElements' exists.
src/admin/pages/Languages.tsx(406,25): error TS17004: Cannot use JSX unless the '--jsx' flag is provided.
src/admin/pages/Languages.tsx(411,25): error TS7026: JSX element implicitly has type 'any' because no interface 'JSX.IntrinsicElements' exists.
src/admin/pages/Languages.tsx(412,23): error TS7026: JSX element implicitly has type 'any' because no interface 'JSX.IntrinsicElements' exists.
src/admin/pages/Languages.tsx(413,21): error TS7026: JSX element implicitly has type 'any' because no interface 'JSX.IntrinsicElements' exists.
src/admin/pages/Languages.tsx(415,17): error TS7026: JSX element implicitly has type 'any' because no interface 'JSX.IntrinsicElements' exists.
src/admin/pages/Languages.tsx(416,15): error TS7026: JSX element implicitly has type 'any' because no interface 'JSX.IntrinsicElements' exists.
src/admin/pages/Languages.tsx(417,13): error TS7026: JSX element implicitly has type 'any' because no interface 'JSX.IntrinsicElements' exists.
src/admin/pages/Languages.tsx(418,11): error TS7026: JSX element implicitly has type 'any' because no interface 'JSX.IntrinsicElements' exists.
src/admin/pages/Languages.tsx(419,9): error TS7026: JSX element implicitly has type 'any' because no interface 'JSX.IntrinsicElements' exists.
src/admin/pages/Languages.tsx(420,7): error TS7026: JSX element implicitly has type 'any' because no interface 'JSX.IntrinsicElements' exists.
src/admin/pages/Languages.tsx(423,9): error TS7026: JSX element implicitly has type 'any' because no interface 'JSX.IntrinsicElements' exists.
src/admin/pages/Languages.tsx(423,9): error TS17004: Cannot use JSX unless the '--jsx' flag is provided.
src/admin/pages/Languages.tsx(424,11): error TS7026: JSX element implicitly has type 'any' because no interface 'JSX.IntrinsicElements' exists.
src/admin/pages/Languages.tsx(424,11): error TS17004: Cannot use JSX unless the '--jsx' flag is provided.
src/admin/pages/Languages.tsx(424,59): error TS7026: JSX element implicitly has type 'any' because no interface 'JSX.IntrinsicElements' exists.
src/admin/pages/Languages.tsx(425,11): error TS7026: JSX element implicitly has type 'any' because no interface 'JSX.IntrinsicElements' exists.
src/admin/pages/Languages.tsx(425,11): error TS17004: Cannot use JSX unless the '--jsx' flag is provided.
src/admin/pages/Languages.tsx(430,11): error TS7026: JSX element implicitly has type 'any' because no interface 'JSX.IntrinsicElements' exists.
src/admin/pages/Languages.tsx(431,9): error TS7026: JSX element implicitly has type 'any' because no interface 'JSX.IntrinsicElements' exists.
src/admin/pages/Languages.tsx(433,5): error TS7026: JSX element implicitly has type 'any' because no interface 'JSX.IntrinsicElements' exists.
src/models/types.ts(1,10): error TS2305: Module '"@prisma/client"' has no exported member 'Language'.
src/models/types.ts(1,38): error TS2305: Module '"@prisma/client"' has no exported member 'Translation'.
src/models/types.ts(1,72): error TS2305: Module '"@prisma/client"' has no exported member 'TranslationGroup'.
src/models/types.ts(1,116): error TS2305: Module '"@prisma/client"' has no exported member 'TranslationKey'.
src/plugin.ts(2,8): error TS1192: Module '"D:/laragon/www/cms-expressjs-nextjs2/packages/plugins/translations/src/api/routes"' has no default export.
src/services/translationService.ts(29,25): error TS2339: Property 'language' does not exist on type 'PrismaClient<PrismaClientOptions, never, DefaultArgs>'.
src/services/translationService.ts(35,25): error TS2339: Property 'language' does not exist on type 'PrismaClient<PrismaClientOptions, never, DefaultArgs>'.
src/services/translationService.ts(42,25): error TS2339: Property 'language' does not exist on type 'PrismaClient<PrismaClientOptions, never, DefaultArgs>'.
src/services/translationService.ts(49,14): error TS2339: Property 'is_default' does not exist on type 'CreateLanguageRequest'.
src/services/translationService.ts(50,20): error TS2339: Property 'language' does not exist on type 'PrismaClient<PrismaClientOptions, never, DefaultArgs>'.
src/services/translationService.ts(56,25): error TS2339: Property 'language' does not exist on type 'PrismaClient<PrismaClientOptions, never, DefaultArgs>'.
src/services/translationService.ts(63,26): error TS2339: Property 'is_default' does not exist on type 'CreateLanguageRequest'.
src/services/translationService.ts(72,20): error TS2339: Property 'language' does not exist on type 'PrismaClient<PrismaClientOptions, never, DefaultArgs>'.
src/services/translationService.ts(89,25): error TS2339: Property 'language' does not exist on type 'PrismaClient<PrismaClientOptions, never, DefaultArgs>'.
src/services/translationService.ts(96,18): error TS2339: Property 'language' does not exist on type 'PrismaClient<PrismaClientOptions, never, DefaultArgs>'.
src/services/translationService.ts(104,25): error TS2551: Property 'translation' does not exist on type 'PrismaClient<PrismaClientOptions, never, DefaultArgs>'. Did you mean '$transaction'?
src/services/translationService.ts(114,25): error TS2551: Property 'translation' does not exist on type 'PrismaClient<PrismaClientOptions, never, DefaultArgs>'. Did you mean '$transaction'?
src/services/translationService.ts(128,25): error TS2551: Property 'translation' does not exist on type 'PrismaClient<PrismaClientOptions, never, DefaultArgs>'. Did you mean '$transaction'?
src/services/translationService.ts(148,25): error TS2551: Property 'translation' does not exist on type 'PrismaClient<PrismaClientOptions, never, DefaultArgs>'. Did you mean '$transaction'?
src/services/translationService.ts(163,18): error TS2551: Property 'translation' does not exist on type 'PrismaClient<PrismaClientOptions, never, DefaultArgs>'. Did you mean '$transaction'?
src/services/translationService.ts(175,14): error TS2551: Property 'translation' does not exist on type 'PrismaClient<PrismaClientOptions, never, DefaultArgs>'. Did you mean '$transaction'?
src/services/translationService.ts(200,25): error TS2339: Property 'translationKey' does not exist on type 'PrismaClient<PrismaClientOptions, never, DefaultArgs>'.
src/services/translationService.ts(209,25): error TS2339: Property 'translationKey' does not exist on type 'PrismaClient<PrismaClientOptions, never, DefaultArgs>'.
src/services/translationService.ts(228,25): error TS2339: Property 'translationKey' does not exist on type 'PrismaClient<PrismaClientOptions, never, DefaultArgs>'.
src/services/translationService.ts(238,18): error TS2339: Property 'translationKey' does not exist on type 'PrismaClient<PrismaClientOptions, never, DefaultArgs>'.
src/services/translationService.ts(245,25): error TS2339: Property 'translationGroup' does not exist on type 'PrismaClient<PrismaClientOptions, never, DefaultArgs>'.
src/services/translationService.ts(256,25): error TS2339: Property 'translationGroup' does not exist on type 'PrismaClient<PrismaClientOptions, never, DefaultArgs>'.
src/services/translationService.ts(267,35): error TS2339: Property 'language' does not exist on type 'PrismaClient<PrismaClientOptions, never, DefaultArgs>'.
src/services/translationService.ts(273,39): error TS2551: Property 'translation' does not exist on type 'PrismaClient<PrismaClientOptions, never, DefaultArgs>'. Did you mean '$transaction'?
src/services/translationService.ts(281,26): error TS7006: Parameter 'translation' implicitly has an 'any' type.
src/services/translationService.ts(295,14): error TS2339: Property 'language' does not exist on type 'PrismaClient<PrismaClientOptions, never, DefaultArgs>'.
src/services/translationService.ts(296,14): error TS2551: Property 'translation' does not exist on type 'PrismaClient<PrismaClientOptions, never, DefaultArgs>'. Did you mean '$transaction'?
src/services/translationService.ts(297,14): error TS2339: Property 'translationKey' does not exist on type 'PrismaClient<PrismaClientOptions, never, DefaultArgs>'.
src/services/translationService.ts(300,46): error TS7006: Parameter 'lang' implicitly has an 'any' type.
src/services/translationService.ts(301,44): error TS7006: Parameter 'lang' implicitly has an 'any' type.
src/services/translationService.ts(305,23): error TS7006: Parameter 'lang' implicitly has an 'any' type.
src/services/translationService.ts(306,52): error TS7006: Parameter 't' implicitly has an 'any' type.
src/services/translationService.ts(307,50): error TS7006: Parameter 't' implicitly has an 'any' type.
src/services/translationService.ts(316,29): error TS7006: Parameter 'key' implicitly has an 'any' type.
src/services/translationService.ts(330,41): error TS7006: Parameter 't' implicitly has an 'any' type.
src/services/translationService.ts(331,43): error TS7006: Parameter 't' implicitly has an 'any' type.
src/services/translationService.ts(344,14): error TS2339: Property 'language' does not exist on type 'PrismaClient<PrismaClientOptions, never, DefaultArgs>'.
src/services/translationService.ts(345,14): error TS2339: Property 'translationGroup' does not exist on type 'PrismaClient<PrismaClientOptions, never, DefaultArgs>'.
src/services/translationService.ts(346,14): error TS2339: Property 'translationKey' does not exist on type 'PrismaClient<PrismaClientOptions, never, DefaultArgs>'.
src/services/translationService.ts(347,14): error TS2551: Property 'translation' does not exist on type 'PrismaClient<PrismaClientOptions, never, DefaultArgs>'. Did you mean '$transaction'?
src/services/translationService.ts(368,18): error TS2339: Property 'language' does not exist on type 'PrismaClient<PrismaClientOptions, never, DefaultArgs>'.
src/services/translationService.ts(381,18): error TS2339: Property 'translationGroup' does not exist on type 'PrismaClient<PrismaClientOptions, never, DefaultArgs>'.
src/services/translationService.ts(394,18): error TS2339: Property 'translationKey' does not exist on type 'PrismaClient<PrismaClientOptions, never, DefaultArgs>'.
src/services/translationService.ts(407,18): error TS2551: Property 'translation' does not exist on type 'PrismaClient<PrismaClientOptions, never, DefaultArgs>'. Did you mean '$transaction'?
src/services/translationService.ts(431,35): error TS2339: Property 'language' does not exist on type 'PrismaClient<PrismaClientOptions, never, DefaultArgs>'.
src/services/translationService.ts(440,14): error TS2551: Property 'translation' does not exist on type 'PrismaClient<PrismaClientOptions, never, DefaultArgs>'. Did you mean '$transaction'?
src/services/translationService.ts(475,14): error TS2551: Property 'translation' does not exist on type 'PrismaClient<PrismaClientOptions, never, DefaultArgs>'. Did you mean '$transaction'?
 ELIFECYCLE  Command failed with exit code 1.
